
sourcing "nvim_exec2()"
finished sourcing nvim_exec2()
Executing TermResponse Autocommands for "*"
autocommand <Lua 77: vim/_core/defaults.lua:0>

Executing TermResponse Autocommands for "*"
autocommand <Lua 77: vim/_core/defaults.lua:0>

sourcing "/home/admin/.local/share/mise/installs/neovim/stable/share/nvim/runtime/ftplugin.vim"
finished sourcing /home/admin/.local/share/mise/installs/neovim/stable/share/nvim/runtime/ftplugin.vim
sourcing "/home/admin/.local/share/mise/installs/neovim/stable/share/nvim/runtime/indent.vim"
finished sourcing /home/admin/.local/share/mise/installs/neovim/stable/share/nvim/runtime/indent.vim
could not source "/etc/xdg/nvim/sysinit.vim"
could not source "$VIM/sysinit.vim"
sourcing "/home/admin/.config/nvim/init.lua"
line 0: sourcing "nvim_exec2() called at /home/admin/.config/nvim/init.lua:0"
finished sourcing nvim_exec2() called at /home/admin/.config/nvim/init.lua:0
continuing in /home/admin/.config/nvim/init.lua
line 0: sourcing "nvim_exec2() called at /home/admin/.config/nvim/init.lua:0"
finished sourcing nvim_exec2() called at /home/admin/.config/nvim/init.lua:0
continuing in /home/admin/.config/nvim/init.lua
line 0: sourcing "nvim_exec2() called at /home/admin/.config/nvim/init.lua:0"
line 1: sourcing "/home/admin/.local/share/mise/installs/neovim/stable/share/nvim/runtime/filetype.lua"
line 0: sourcing "nvim_exec2() called at /home/admin/.local/share/mise/installs/neovim/stable/share/nvim/runtime/filetype.lua:0"
not found in runtime path: "ftdetect/*.{vim,lua}"
finished sourcing nvim_exec2() called at /home/admin/.local/share/mise/installs/neovim/stable/share/nvim/runtime/filetype.lua:0
continuing in /home/admin/.local/share/mise/installs/neovim/stable/share/nvim/runtime/filetype.lua
finished sourcing /home/admin/.local/share/mise/installs/neovim/stable/share/nvim/runtime/filetype.lua
continuing in nvim_exec2() called at /home/admin/.config/nvim/init.lua:0
finished sourcing nvim_exec2() called at /home/admin/.config/nvim/init.lua:0
continuing in /home/admin/.config/nvim/init.lua
line 0: sourcing "nvim_exec2() called at /home/admin/.config/nvim/init.lua:0"
finished sourcing nvim_exec2() called at /home/admin/.config/nvim/init.lua:0
continuing in /home/admin/.config/nvim/init.lua
line 0: sourcing "nvim_exec2() called at /home/admin/.config/nvim/init.lua:0"
finished sourcing nvim_exec2() called at /home/admin/.config/nvim/init.lua:0
continuing in /home/admin/.config/nvim/init.lua
line 0: sourcing "nvim_exec2() called at /home/admin/.config/nvim/init.lua:0"
finished sourcing nvim_exec2() called at /home/admin/.config/nvim/init.lua:0
continuing in /home/admin/.config/nvim/init.lua
line 0: sourcing "nvim_exec2() called at /home/admin/.config/nvim/init.lua:0"
finished sourcing nvim_exec2() called at /home/admin/.config/nvim/init.lua:0
continuing in /home/admin/.config/nvim/init.lua
line 0: sourcing "nvim_exec2() called at /home/admin/.config/nvim/init.lua:0"
line 1: sourcing "/home/admin/.local/share/nvim/lazy/snacks.nvim/plugin/snacks.lua"
finished sourcing /home/admin/.local/share/nvim/lazy/snacks.nvim/plugin/snacks.lua
continuing in nvim_exec2() called at /home/admin/.config/nvim/init.lua:0
finished sourcing nvim_exec2() called at /home/admin/.config/nvim/init.lua:0
continuing in /home/admin/.config/nvim/init.lua
line 0: sourcing "nvim_exec2() called at /home/admin/.config/nvim/init.lua:0"
finished sourcing nvim_exec2() called at /home/admin/.config/nvim/init.lua:0
continuing in /home/admin/.config/nvim/init.lua
line 0: sourcing "nvim_exec2() called at /home/admin/.config/nvim/init.lua:0"
finished sourcing nvim_exec2() called at /home/admin/.config/nvim/init.lua:0
continuing in /home/admin/.config/nvim/init.lua
line 0: sourcing "nvim_exec2() called at /home/admin/.config/nvim/init.lua:0"
line 1: sourcing "/home/admin/.local/share/mise/installs/neovim/stable/share/nvim/runtime/plugin/editorconfig.lua"
finished sourcing /home/admin/.local/share/mise/installs/neovim/stable/share/nvim/runtime/plugin/editorconfig.lua
continuing in nvim_exec2() called at /home/admin/.config/nvim/init.lua:0
finished sourcing nvim_exec2() called at /home/admin/.config/nvim/init.lua:0
continuing in /home/admin/.config/nvim/init.lua
line 0: sourcing "nvim_exec2() called at /home/admin/.config/nvim/init.lua:0"
line 1: sourcing "/home/admin/.local/share/mise/installs/neovim/stable/share/nvim/runtime/plugin/man.lua"
finished sourcing /home/admin/.local/share/mise/installs/neovim/stable/share/nvim/runtime/plugin/man.lua
continuing in nvim_exec2() called at /home/admin/.config/nvim/init.lua:0
finished sourcing nvim_exec2() called at /home/admin/.config/nvim/init.lua:0
continuing in /home/admin/.config/nvim/init.lua
line 0: sourcing "nvim_exec2() called at /home/admin/.config/nvim/init.lua:0"
line 1: sourcing "/home/admin/.local/share/mise/installs/neovim/stable/share/nvim/runtime/plugin/matchit.vim"
not found in 'packpath': "pack/*/start/matchit"
line 3: sourcing "/home/admin/.local/share/mise/installs/neovim/stable/share/nvim/runtime/pack/dist/opt/matchit/plugin/matchit.vim"
finished sourcing /home/admin/.local/share/mise/installs/neovim/stable/share/nvim/runtime/pack/dist/opt/matchit/plugin/matchit.vim
continuing in /home/admin/.local/share/mise/installs/neovim/stable/share/nvim/runtime/plugin/matchit.vim
finished sourcing /home/admin/.local/share/mise/installs/neovim/stable/share/nvim/runtime/plugin/matchit.vim
continuing in nvim_exec2() called at /home/admin/.config/nvim/init.lua:0
finished sourcing nvim_exec2() called at /home/admin/.config/nvim/init.lua:0
continuing in /home/admin/.config/nvim/init.lua
line 0: sourcing "nvim_exec2() called at /home/admin/.config/nvim/init.lua:0"
line 1: sourcing "/home/admin/.local/share/mise/installs/neovim/stable/share/nvim/runtime/plugin/matchparen.vim"
finished sourcing /home/admin/.local/share/mise/installs/neovim/stable/share/nvim/runtime/plugin/matchparen.vim
continuing in nvim_exec2() called at /home/admin/.config/nvim/init.lua:0
finished sourcing nvim_exec2() called at /home/admin/.config/nvim/init.lua:0
continuing in /home/admin/.config/nvim/init.lua
line 0: sourcing "nvim_exec2() called at /home/admin/.config/nvim/init.lua:0"
line 1: sourcing "/home/admin/.local/share/mise/installs/neovim/stable/share/nvim/runtime/plugin/net.lua"
finished sourcing /home/admin/.local/share/mise/installs/neovim/stable/share/nvim/runtime/plugin/net.lua
continuing in nvim_exec2() called at /home/admin/.config/nvim/init.lua:0
finished sourcing nvim_exec2() called at /home/admin/.config/nvim/init.lua:0
continuing in /home/admin/.config/nvim/init.lua
line 0: sourcing "nvim_exec2() called at /home/admin/.config/nvim/init.lua:0"
line 1: sourcing "/home/admin/.local/share/mise/installs/neovim/stable/share/nvim/runtime/plugin/netrwPlugin.vim"
not found in 'packpath': "pack/*/start/netrw"
line 7: sourcing "/home/admin/.local/share/mise/installs/neovim/stable/share/nvim/runtime/pack/dist/opt/netrw/plugin/netrwPlugin.vim"
finished sourcing /home/admin/.local/share/mise/installs/neovim/stable/share/nvim/runtime/pack/dist/opt/netrw/plugin/netrwPlugin.vim
continuing in /home/admin/.local/share/mise/installs/neovim/stable/share/nvim/runtime/plugin/netrwPlugin.vim
finished sourcing /home/admin/.local/share/mise/installs/neovim/stable/share/nvim/runtime/plugin/netrwPlugin.vim
continuing in nvim_exec2() called at /home/admin/.config/nvim/init.lua:0
finished sourcing nvim_exec2() called at /home/admin/.config/nvim/init.lua:0
continuing in /home/admin/.config/nvim/init.lua
line 0: sourcing "nvim_exec2() called at /home/admin/.config/nvim/init.lua:0"
line 1: sourcing "/home/admin/.local/share/mise/installs/neovim/stable/share/nvim/runtime/plugin/osc52.lua"
finished sourcing /home/admin/.local/share/mise/installs/neovim/stable/share/nvim/runtime/plugin/osc52.lua
continuing in nvim_exec2() called at /home/admin/.config/nvim/init.lua:0
finished sourcing nvim_exec2() called at /home/admin/.config/nvim/init.lua:0
continuing in /home/admin/.config/nvim/init.lua
line 0: sourcing "nvim_exec2() called at /home/admin/.config/nvim/init.lua:0"
line 1: sourcing "/home/admin/.local/share/mise/installs/neovim/stable/share/nvim/runtime/plugin/rplugin.vim"
finished sourcing /home/admin/.local/share/mise/installs/neovim/stable/share/nvim/runtime/plugin/rplugin.vim
continuing in nvim_exec2() called at /home/admin/.config/nvim/init.lua:0
finished sourcing nvim_exec2() called at /home/admin/.config/nvim/init.lua:0
continuing in /home/admin/.config/nvim/init.lua
line 0: sourcing "nvim_exec2() called at /home/admin/.config/nvim/init.lua:0"
line 1: sourcing "/home/admin/.local/share/mise/installs/neovim/stable/share/nvim/runtime/plugin/shada.lua"
finished sourcing /home/admin/.local/share/mise/installs/neovim/stable/share/nvim/runtime/plugin/shada.lua
continuing in nvim_exec2() called at /home/admin/.config/nvim/init.lua:0
finished sourcing nvim_exec2() called at /home/admin/.config/nvim/init.lua:0
continuing in /home/admin/.config/nvim/init.lua
line 0: sourcing "nvim_exec2() called at /home/admin/.config/nvim/init.lua:0"
line 1: sourcing "/home/admin/.local/share/mise/installs/neovim/stable/share/nvim/runtime/plugin/spellfile.lua"
finished sourcing /home/admin/.local/share/mise/installs/neovim/stable/share/nvim/runtime/plugin/spellfile.lua
continuing in nvim_exec2() called at /home/admin/.config/nvim/init.lua:0
finished sourcing nvim_exec2() called at /home/admin/.config/nvim/init.lua:0
continuing in /home/admin/.config/nvim/init.lua
Executing User Autocommands for "LazyDone"
autocommand <Lua 90: ~/.local/share/nvim/lazy/lazy.nvim/lua/lazy/core/util.lua:183>

finished sourcing /home/admin/.config/nvim/init.lua
sourcing "/home/admin/.local/share/mise/installs/neovim/stable/share/nvim/runtime/filetype.lua"
finished sourcing /home/admin/.local/share/mise/installs/neovim/stable/share/nvim/runtime/filetype.lua
sourcing "/home/admin/.local/share/mise/installs/neovim/stable/share/nvim/runtime/syntax/syntax.vim"
line 20: sourcing "/home/admin/.local/share/mise/installs/neovim/stable/share/nvim/runtime/syntax/synload.vim"
finished sourcing /home/admin/.local/share/mise/installs/neovim/stable/share/nvim/runtime/syntax/synload.vim
continuing in /home/admin/.local/share/mise/installs/neovim/stable/share/nvim/runtime/syntax/syntax.vim
Executing FileType Autocommands for "*"
autocommand if !exists('b:ts_highlight') | 0verbose exe "set syntax=" . expand("<amatch>") | endif

finished sourcing /home/admin/.local/share/mise/installs/neovim/stable/share/nvim/runtime/syntax/syntax.vim
Reading ShaDa file "/home/admin/.local/state/nvim/shada/main.shada" info marks oldfiles
                                                                                       E40: Can't open errorfile errors.err

Executing UILeave Autocommands for "*"
autocommand <Lua 275: ~/.local/share/mise/installs/neovim/stable/share/nvim/runtime/plugin/osc52.lua:99>
