...
INFO:data_websocket:Starting display reconfiguration...
INFO:data_websocket:Calculating new extended desktop layout from ALL clients...
INFO:data_websocket:Layout calculated: Total Size=2560x1256. Layouts: {'primary': {'x': 0, 'y': 0, 'w': 2560, 'h': 1256}}
INFO:data_websocket:Starting separate capture instances for each ACTIVE display region...
INFO:data_websocket:Client 'primary' is active. Starting its capture.
INFO:data_websocket:Preparing to start capture for display='primary': Res=2560x1256, Offset=0x0
INFO:main:Parsed DRI node '/dev/dri/renderD129' to index 1.
INFO:data_websocket:Registered Wayland cursor callback for 'primary'
[Wayland] Configuring Output: 2560x1256 @ 60.00 FPS (Scale 1.00)
INFO:data_websocket:SUCCESS: Capture started for 'primary'.
[Wayland] Encode Node Index: 1 | Driver: ../../../../bus/pci/drivers/nvidia
[Wayland] Nvidia Encoder detected. Initializing NVENC...
[NVENC] Initializing...
INFO:data_websocket:Broadcasting primary stream resolution to all clients: {"type": "stream_resolution", "width": 2560, "height": 1256}
INFO:data_websocket:Broadcasting display config update: DISPLAY_CONFIG_UPDATE,{"type": "display_config_update", "displays": ["primary"]}
INFO:data_websocket:Display reconfiguration finished successfully.
INFO:data_websocket:Reconfiguration process complete (state unlocked).
INFO:data_websocket:Initial client settings message processed by ws_handler.
INFO:data_websocket:Initial setup: Primary client connected, audio not active, attempting start.
INFO:data_websocket:Starting pcmflux audio pipeline...
INFO:data_websocket:pcmflux settings: device='output.monitor', bitrate=320000, channels=2
INFO:data_websocket:Video chunk sender started for display 'primary'.
[pcmflux] Attempting to connect to PulseAudio device: output.monitor with latency: 10ms
INFO:data_websocket:pcmflux audio capture started successfully.
INFO:data_websocket:pcmflux audio chunk broadcasting task started.
[pcmflux] ERROR: pa_simple_new() failed: No such entity
  (Could not find the device named: 'output.monitor')
INFO:data_websocket:Received redundant resize request for primary (2560x1256). No action taken.
INFO:data_websocket:Received START_AUDIO command from client for server-to-client audio.
INFO:data_websocket:START_AUDIO: pcmflux audio pipeline already active.
[NVENC] Found 1 CUDA devices:
[NVENC]   Device 0: NVIDIA Graphics Device
[NVENC] Bound to CUDA device via PCI Bus ID: 0000:03:00.0
[NVENC] Initialized successfully (4:4:4 mode: false).
[Wayland] NVENC Encoder initialized successfully.
[Wayland] Decision: Zero-Copy path active.
Stream settings active -> Res: 2560x1256 | FPS: 60.0 | Stripes: 1 | Mode: H264 (NVENC) FullFrame | CRF: 25 | PaintOver CRF: 18 (Burst: 5f) | Colorspace: I420 (Limited Range) | Damage Thresh: 10f | Damage Dur: 20f
