[preflight] Running pre-flight checks
[preflight] The system verification failed. Printing the output from the verification:
KERNEL_VERSION: 5.4.83-Re4son-v8l+
CONFIG_NAMESPACES: enabled
CONFIG_NET_NS: enabled
CONFIG_PID_NS: enabled
CONFIG_IPC_NS: enabled
CONFIG_UTS_NS: enabled
CONFIG_CGROUPS: enabled
CONFIG_CGROUP_CPUACCT: enabled
CONFIG_CGROUP_DEVICE: enabled
CONFIG_CGROUP_FREEZER: enabled
CONFIG_CGROUP_PIDS: enabled
CONFIG_CGROUP_SCHED: enabled
CONFIG_CPUSETS: enabled
CONFIG_MEMCG: enabled
CONFIG_INET: enabled
CONFIG_EXT4_FS: enabled
CONFIG_PROC_FS: enabled
CONFIG_NETFILTER_XT_TARGET_REDIRECT: enabled (as module)
CONFIG_NETFILTER_XT_MATCH_COMMENT: enabled (as module)
CONFIG_FAIR_GROUP_SCHED: enabled
CONFIG_OVERLAY_FS: enabled (as module)
CONFIG_AUFS_FS: not set - Required for aufs.
CONFIG_BLK_DEV_DM: enabled (as module)
CONFIG_CFS_BANDWIDTH: enabled
CONFIG_CGROUP_HUGETLB: not set - Required for hugetlb cgroup.
CONFIG_SECCOMP: enabled
CONFIG_SECCOMP_FILTER: enabled
DOCKER_VERSION: 20.10.5+dfsg1
DOCKER_GRAPH_DRIVER: overlay2
OS: Linux
CGROUPS_CPU: enabled
CGROUPS_CPUSET: enabled
CGROUPS_DEVICES: enabled
CGROUPS_FREEZER: enabled
CGROUPS_MEMORY: missing
CGROUPS_PIDS: enabled
CGROUPS_HUGETLB: missing
        [WARNING SystemVerification]: missing optional cgroups: hugetlb
        [WARNING Service-Kubelet]: kubelet service is not enabled, please run 'systemctl enable kubelet.service'
error execution phase preflight: [preflight] Some fatal errors occurred:
        [ERROR SystemVerification]: missing required cgroups: memory
[preflight] If you know what you are doing, you can make a check non-fatal with `--ignore-preflight-errors=...`
To see the stack trace of this error execute with --v=5 or higher
