[2025/06/29 10:45:27.441651,  0] ../../lib/util/fault.c:178(smb_panic_log)
  ===============================================================
[2025/06/29 10:45:27.441787,  0] ../../lib/util/fault.c:185(smb_panic_log)
  INTERNAL ERROR: async open timeout in smbd () (client [192.168.7.221]) pid 42783 (4.20.7)
[2025/06/29 10:45:27.441826,  0] ../../lib/util/fault.c:190(smb_panic_log)
  If you are running a recent Samba version, and if you think this problem is not yet fixed in the latest versions, please consider reporting this bug, see https://wiki.samba.org/index.php/Bug_Reporting
[2025/06/29 10:45:27.441875,  0] ../../lib/util/fault.c:191(smb_panic_log)
  ===============================================================
[2025/06/29 10:45:27.441910,  0] ../../lib/util/fault.c:193(smb_panic_log)
  PANIC (pid 42783): async open timeout in 4.20.7
[2025/06/29 10:45:27.443633,  0] ../../lib/util/fault.c:304(log_stack_trace)
  BACKTRACE: 20 stack frames:
   #0 0x129b613faec7 <log_stack_trace+0x37> at /usr/local/lib/samba4/private/libgenrand-private-samba.so
   #1 0x129b613faf9e <smb_panic+0xe> at /usr/local/lib/samba4/private/libgenrand-private-samba.so
   #2 0x129b55b7f324 <smbd_exit_server+0x1b4> at /usr/local/lib/samba4/private/libsmbd-base-private-samba.so
   #3 0x129b55b7f181 <smbd_exit_server+0x11> at /usr/local/lib/samba4/private/libsmbd-base-private-samba.so
   #4 0x129b5f7f1bcc <exit_server+0x1c> at /usr/local/lib/samba4/private/libsmbd-shim-private-samba.so
   #5 0x129b55b2a300 <delete_all_streams> at /usr/local/lib/samba4/private/libsmbd-base-private-samba.so
   #6 0x129b62b9bdff <tevent_common_invoke_timer_handler+0x18f> at /usr/local/lib/libtevent.so.0
   #7 0x129b62b9bfa4 <tevent_common_loop_timer_delay+0x94> at /usr/local/lib/libtevent.so.0
   #8 0x129b62b997c5 <tevent_context_same_loop+0xb15> at /usr/local/lib/libtevent.so.0
   #9 0x129b62b9536a <_tevent_loop_once+0xea> at /usr/local/lib/libtevent.so.0
   #10 0x129b62b955f2 <tevent_common_loop_wait+0x32> at /usr/local/lib/libtevent.so.0
   #11 0x129b55b44b4b <smbd_process+0x83b> at /usr/local/lib/samba4/private/libsmbd-base-private-samba.so
   #12 0x1293331ffaad <main+0x436d> at /usr/local/sbin/smbd
   #13 0x129b62b9667e <tevent_common_invoke_fd_handler+0x9e> at /usr/local/lib/libtevent.so.0
   #14 0x129b62b99a44 <tevent_context_same_loop+0xd94> at /usr/local/lib/libtevent.so.0
   #15 0x129b62b9536a <_tevent_loop_once+0xea> at /usr/local/lib/libtevent.so.0
   #16 0x129b62b955f2 <tevent_common_loop_wait+0x32> at /usr/local/lib/libtevent.so.0
   #17 0x1293331fe02f <main+0x28ef> at /usr/local/sbin/smbd
   #18 0x1293331fcc2c <main+0x14ec> at /usr/local/sbin/smbd
   #19 0x129b63c2de34 <__libc_start1+0x124> at /lib/libc.so.7
[2025/06/29 10:45:27.444092,  0] ../../source3/lib/dumpcore.c:310(dump_core)
  unable to change to %N.core
  refusing to dump core
