Client:
 Debug Mode: false

Server:
 Containers: 0
  Running: 0
  Paused: 0
  Stopped: 0
 Images: 0
 Server Version: 19.03.6
 Storage Driver: overlay2
  Backing Filesystem: extfs
  Supports d_type: true
  Native Overlay Diff: true
 Logging Driver: json-file
 Cgroup Driver: cgroupfs
 Plugins:
  Volume: local
  Network: bridge host ipvlan macvlan null overlay
  Log: awslogs fluentd gcplogs gelf journald json-file local logentries splunk syslog
 Swarm: inactive
 Runtimes: nvidia runc
 Default Runtime: runc
 Init Binary: docker-init
 containerd version:
 runc version:
 init version:
 Security Options:
  seccomp
   Profile: default
 Kernel Version: 4.9.140-tegra
 Operating System: Ubuntu 18.04.5 LTS
 OSType: linux
 Architecture: aarch64
 CPUs: 4
 Total Memory: 3.871GiB
 Name: jetson
 ID: BWPJ:KNAY:3DNY:DNPY:HZEU:OMMD:L7RB:3TN2:PUDM:HEHQ:QURE:WCWP
 Docker Root Dir: /var/lib/docker
 Debug Mode: false
 Registry: https://index.docker.io/v1/
 Labels:
 Experimental: false
 Insecure Registries:
  127.0.0.0/8
 Live Restore Enabled: false
