[upgrade/config] Making sure the configuration is correct:
[upgrade/config] Reading configuration from the cluster...
[upgrade/config] FYI: You can look at this config file with 'kubectl -n kube-system get cm kubeadm-config -o yaml'
[preflight] Running pre-flight checks.
[upgrade] Running cluster health checks
[upgrade] Fetching available versions to upgrade to
[upgrade/versions] Cluster version: v1.19.4
[upgrade/versions] kubeadm version: v1.20.9
I0725 20:23:14.029402 1222778 version.go:254] remote version is much newer: v1.21.3; falling back to: stable-1.20
[upgrade/versions] Latest stable version: v1.20.9
[upgrade/versions] Latest stable version: v1.20.9
[upgrade/versions] Latest version in the v1.19 series: v1.19.13
[upgrade/versions] Latest version in the v1.19 series: v1.19.13

Components that must be upgraded manually after you have upgraded the control plane with 'kubeadm upgrade apply':
COMPONENT   CURRENT       AVAILABLE
kubelet     2 x v1.20.9   v1.19.13
            2 x v1.21.3   v1.19.13

Upgrade to the latest version in the v1.19 series:

COMPONENT                 CURRENT    AVAILABLE
kube-apiserver            v1.19.4    v1.19.13
kube-controller-manager   v1.19.4    v1.19.13
kube-scheduler            v1.19.4    v1.19.13
kube-proxy                v1.19.4    v1.19.13
CoreDNS                   1.7.0      1.7.0
etcd                      3.4.13-0   3.4.13-0

You can now apply the upgrade by executing the following command:

	kubeadm upgrade apply v1.19.13

_____________________________________________________________________

Components that must be upgraded manually after you have upgraded the control plane with 'kubeadm upgrade apply':
COMPONENT   CURRENT       AVAILABLE
kubelet     2 x v1.20.9   v1.20.9
            2 x v1.21.3   v1.20.9

Upgrade to the latest stable version:

COMPONENT                 CURRENT    AVAILABLE
kube-apiserver            v1.19.4    v1.20.9
kube-controller-manager   v1.19.4    v1.20.9
kube-scheduler            v1.19.4    v1.20.9
kube-proxy                v1.19.4    v1.20.9
CoreDNS                   1.7.0      1.7.0
etcd                      3.4.13-0   3.4.13-0

You can now apply the upgrade by executing the following command:

	kubeadm upgrade apply v1.20.9

_____________________________________________________________________


The table below shows the current state of component configs as understood by this version of kubeadm.
Configs that have a "yes" mark in the "MANUAL UPGRADE REQUIRED" column require manual config upgrade or
resetting to kubeadm defaults before a successful upgrade can be performed. The version to manually
upgrade to is denoted in the "PREFERRED VERSION" column.

API GROUP                 CURRENT VERSION   PREFERRED VERSION   MANUAL UPGRADE REQUIRED
kubeproxy.config.k8s.io   v1alpha1          v1alpha1            no
kubelet.config.k8s.io     v1beta1           v1beta1             no
_____________________________________________________________________
