#
# No change to .config
#
*         >> Invoking menuconfig ...
COMMAND: nice -n10 make -j8 -s -j1 ARCH='x86' AS='x86_64-pc-linux-gnu-as' AR='x86_64-pc-linux-gnu-ar' CC='x86_64-pc-linux-gnu-gcc' LD='x86_64-pc-linux-gnu-ld' NM='x86_64-pc-linux-gnu-nm' OBJCOPY='x86_64-pc-linux-gnu-objcopy' OBJDUMP='x86_64-pc-linux-gnu-objdump' READELF='x86_64-pc-linux-gnu-readelf' STRIP='x86_64-pc-linux-gnu-strip' HOSTAR='x86_64-pc-linux-gnu-ar' HOSTCC='x86_64-pc-linux-gnu-gcc' HOSTCXX='x86_64-pc-linux-gnu-g++' HOSTLD='x86_64-pc-linux-gnu-ld' menuconfig
*         >> Ensure that required kernel options for genkernel's initramfs usage are set ...
*                  - Option 'CONFIG_BLK_DEV_INITRD=y' already set in '/usr/src/linux/.config'; Skipping ...
*                  - Option 'CONFIG_MMU=y' already set in '/usr/src/linux/.config'; Skipping ...
*                  - Option 'CONFIG_SHMEM=y' already set in '/usr/src/linux/.config'; Skipping ...
*                  - Option 'CONFIG_TMPFS=y' already set in '/usr/src/linux/.config'; Skipping ...
*                  - Option 'CONFIG_TTY=y' already set in '/usr/src/linux/.config'; Skipping ...
*                  - Option 'CONFIG_UNIX98_PTYS=y' already set in '/usr/src/linux/.config'; Skipping ...
* Determining 'BEST' compression method for initramfs using kernel config '/usr/src/linux/.config' ...
* Checking if we can use 'XZ' compression ...
* Will use 'XZ' compression -- all requirements are met!
*                  - Option 'CONFIG_RD_XZ=y' already set in '/usr/src/linux/.config'; Skipping ...
*         >> Ensure that CONFIG_LOCALVERSION is set ...
*                  - Option 'CONFIG_LOCALVERSION="-x86_64"' already set in '/usr/src/linux/.config'; Skipping ...
*         >> Ensure that required kernel options for early microcode loading support are set ...
*                  - Option 'CONFIG_MICROCODE=y' already set in '/usr/src/linux/.config'; Skipping ...
*                  - Adding option 'CONFIG_MICROCODE_AMD' with value 'y' to '/usr/src/linux/.config'...
*                  - Adding option 'CONFIG_MICROCODE_INTEL' with value 'y' to '/usr/src/linux/.config'...
*         >> Re-running 'make oldconfig' due to changed kernel options ...
COMMAND: nice -n10 make -j8 ARCH='x86' AS='x86_64-pc-linux-gnu-as' AR='x86_64-pc-linux-gnu-ar' CC='x86_64-pc-linux-gnu-gcc' LD='x86_64-pc-linux-gnu-ld' NM='x86_64-pc-linux-gnu-nm' OBJCOPY='x86_64-pc-linux-gnu-objcopy' OBJDUMP='x86_64-pc-linux-gnu-objdump' READELF='x86_64-pc-linux-gnu-readelf' STRIP='x86_64-pc-linux-gnu-strip' HOSTAR='x86_64-pc-linux-gnu-ar' HOSTCC='x86_64-pc-linux-gnu-gcc' HOSTCXX='x86_64-pc-linux-gnu-g++' HOSTLD='x86_64-pc-linux-gnu-ld' oldconfig
#
# configuration written to .config
#
*         >> Checking if required kernel options are still present ...
*                  - 'CONFIG_TMPFS' is set to 'y'
*                  - 'CONFIG_TTY' is set to 'y'
*                  - 'CONFIG_UNIX98_PTYS' is set to 'y'
*                  - 'CONFIG_MICROCODE' is set to 'y'

* ERROR: Something went wrong: Required kernel option 'CONFIG_MICROCODE_AMD' which genkernel tried to set is missing!
* Please consult '/var/log/genkernel.log' for more information and any
* errors that were reported above.
