2023-09-20T07:10:24.426020Z 0 [System] [MY-013169] [Server] /usr/sbin/mysqld (mysqld 8.0.34) initializing of server in progress as process 45189
2023-09-20T07:10:24.427904Z 0 [ERROR] [MY-010457] [Server] --initialize specified but the data directory has files in it. Aborting.
2023-09-20T07:10:24.427928Z 0 [ERROR] [MY-013236] [Server] The designated data directory /var/lib/mysql/ is unusable. You can remove all files that the server added to it.
2023-09-20T07:10:24.427979Z 0 [ERROR] [MY-010119] [Server] Aborting
2023-09-20T07:10:24.428277Z 0 [System] [MY-010910] [Server] /usr/sbin/mysqld: Shutdown complete (mysqld 8.0.34)  MySQL Community Server - GPL.
2023-09-20T07:10:24.665233Z 0 [System] [MY-010116] [Server] /usr/sbin/mysqld (mysqld 8.0.34) starting as process 45193
2023-09-20T07:10:24Z UTC - mysqld got signal 11 ;
Most likely, you have hit a bug, but this error can also be caused by malfunctioning hardware.
BuildID[sha1]=33c7e0aa240d478d45e6ee0a2d11828ba1deb657
Thread pointer: 0x0
Attempting backtrace. You can use the following information to find out
where mysqld died. If you see no messages after this, something went
terribly wrong...
stack_bottom = 0 thread_stack 0x100000
/usr/sbin/mysqld(my_print_stacktrace(unsigned char const*, unsigned long)+0x3d) [0x211745d]
/usr/sbin/mysqld(print_fatal_signal(int)+0x37f) [0xfd7ebf]
/usr/sbin/mysqld(handle_fatal_signal+0xa5) [0xfd7f75]
/lib64/libpthread.so.0(+0xf630) [0x7f5d7843e630]
/usr/sbin/mysqld(Delegate::Delegate(unsigned int)+0xaf) [0x1d9cb8f]
/usr/sbin/mysqld(delegates_init()+0x31) [0x1d9d511]
/usr/sbin/mysqld() [0xd5e534]
/usr/sbin/mysqld(mysqld_main(int, char**)+0x253c) [0xd66e9c]
/lib64/libc.so.6(__libc_start_main+0xf5) [0x7f5d76975555]
/usr/sbin/mysqld() [0xd48b14]
The manual page at http://dev.mysql.com/doc/mysql/en/crashing.html contains
information that should help you find out what is causing the crash.
