[INFO]  Finding release for channel stable
[INFO]  Using v1.22.7+k3s1 as release
[INFO]  Downloading hash https://github.com/k3s-io/k3s/releases/download/v1.22.7+k3s1/sha256sum-arm64.txt
[INFO]  Downloading binary https://github.com/k3s-io/k3s/releases/download/v1.22.7+k3s1/k3s-arm64
[INFO]  Verifying binary download
[INFO]  Installing k3s to /usr/local/bin/k3s
[INFO]  Skipping installation of SELinux RPM
[INFO]  Creating /usr/local/bin/kubectl symlink to k3s
[INFO]  Creating /usr/local/bin/crictl symlink to k3s
[INFO]  Creating /usr/local/bin/ctr symlink to k3s
[INFO]  Creating killall script /usr/local/bin/k3s-killall.sh
[INFO]  Creating uninstall script /usr/local/bin/k3s-uninstall.sh
[INFO]  env: Creating environment file /etc/rancher/k3s/k3s.env
[INFO]  openrc: Creating service file /etc/init.d/k3s
[INFO]  openrc: Enabling k3s service for default runlevel
[INFO]  openrc: Starting k3s
 * Caching service dependencies ...                                                                       [ ok ]
mount: mounting cpuset on /sys/fs/cgroup/cpuset failed: Resource busy
mount: mounting cpu on /sys/fs/cgroup/cpu failed: Resource busy
mount: mounting cpuacct on /sys/fs/cgroup/cpuacct failed: Resource busy
mount: mounting blkio on /sys/fs/cgroup/blkio failed: Resource busy
mount: mounting memory on /sys/fs/cgroup/memory failed: Resource busy
mount: mounting devices on /sys/fs/cgroup/devices failed: Resource busy
mount: mounting freezer on /sys/fs/cgroup/freezer failed: Resource busy
mount: mounting net_cls on /sys/fs/cgroup/net_cls failed: Resource busy
mount: mounting perf_event on /sys/fs/cgroup/perf_event failed: Resource busy
mount: mounting net_prio on /sys/fs/cgroup/net_prio failed: Resource busy
mount: mounting pids on /sys/fs/cgroup/pids failed: Resource busy
 * Starting k3s ...                                                                                       [ ok ]
